<?xml version="1.0" encoding="UTF-8"?>
<testng-results ignored="0" total="1" passed="1" failed="0" skipped="0">
  <reporter-output>
  </reporter-output>
  <suite started-at="2025-10-29T11:55:12 IST" name="Test Suite" finished-at="2025-10-29T11:55:27 IST" duration-ms="15069">
    <groups>
    </groups>
    <test started-at="2025-10-29T11:55:12 IST" name="Tests" finished-at="2025-10-29T11:55:27 IST" duration-ms="15069">
      <class name="com.qa.tests.LoginTest">
        <test-method is-config="true" signature="setup()[pri:0, instance:com.qa.tests.LoginTest@15eb5ee5]" started-at="2025-10-29T11:55:12 IST" name="setup" finished-at="2025-10-29T11:55:22 IST" duration-ms="10021" status="PASS">
          <reporter-output>
          </reporter-output>
        </test-method> <!-- setup -->
        <test-method signature="loginTest()[pri:0, instance:com.qa.tests.LoginTest@15eb5ee5]" started-at="2025-10-29T11:55:22 IST" name="loginTest" finished-at="2025-10-29T11:55:27 IST" duration-ms="4711" status="PASS">
          <reporter-output>
          </reporter-output>
        </test-method> <!-- loginTest -->
        <test-method is-config="true" signature="tearDown()[pri:0, instance:com.qa.tests.LoginTest@15eb5ee5]" started-at="2025-10-29T11:55:27 IST" name="tearDown" finished-at="2025-10-29T11:55:27 IST" duration-ms="293" status="PASS">
          <reporter-output>
          </reporter-output>
        </test-method> <!-- tearDown -->
      </class> <!-- com.qa.tests.LoginTest -->
    </test> <!-- Tests -->
  </suite> <!-- Test Suite -->
</testng-results>
